<?xml version="1.0" encoding="UTF-8"?>
<!-- Generated by org.testng.reporters.JUnitReportReporter -->
<testsuite hostname="LAPTOP-DIVUF89F" failures="0" tests="8" name="UI_Verification.MBSTestAutomate" time="365.339" errors="0" timestamp="2023-09-14T10:45:19 IST" skipped="0">
  <testcase classname="UI_Verification.MBSTestAutomate" name="Multiple_Night_Single_Room_Booking" time="47.305"/>
  <system-out>
    <![CDATA[Test Started Time   :-  2023-Sep-14 10-33-01
On Test Start  :Multiple_Night_Single_Room_Booking
URL Launched successfully
 Close Button not found, continue without clicking
<======Check-in Date for Booking: 2023-09-18======>
<======Check-out Date for Booking: 2023-10-15=====>


No of Booking Days: 27


--Guest Details-- 
First Name of Guest :- Nirav
Last Name of Guest :- Patel
Contact no of Guest :- 8888120130
Mail id of Guest :- onkar@staah.com
Test Started Time   :-  2023-Sep-14 10-33-48
On Test Success  :Multiple_Night_Single_Room_Booking]]>
  </system-out>
  <testcase classname="UI_Verification.MBSTestAutomate" name="Single_Room_Multiple_Night_Booking_Multiple_Addon" time="52.123"/>
  <system-out>
    <![CDATA[Test Started Time   :-  2023-Sep-14 10-33-48
On Test Start  :Single_Room_Multiple_Night_Booking_Multiple_Addon
URL Launched successfully
 Close Button not found, continue without clicking
<======Check-in Date for Booking: 2023-09-26======>
<======Check-out Date for Booking: 2023-10-20=====>


No of Booking Days: 24


--Guest Details-- 
First Name of Guest :- Nirav
Last Name of Guest :- Patel
Contact no of Guest :- 8888120130
Mail id of Guest :- onkar@staah.com
Test Started Time   :-  2023-Sep-14 10-34-40
On Test Success  :Single_Room_Multiple_Night_Booking_Multiple_Addon]]>
  </system-out>
  <testcase classname="UI_Verification.MBSTestAutomate" name="Multiple_Night_Multiple_RoomBooking_With_Single_RoomType" time="48.447"/>
  <system-out>
    <![CDATA[Test Started Time   :-  2023-Sep-14 10-34-40
On Test Start  :Multiple_Night_Multiple_RoomBooking_With_Single_RoomType
URL Launched successfully
 Close Button not found, continue without clicking
<======Check-in Date for Booking: 2023-10-03======>
<======Check-out Date for Booking: 2023-10-19=====>


No of Booking Days: 16


--Guest Details-- 
First Name of Guest :- Nirav
Last Name of Guest :- Patel
First Name of Guest2 :- Onkar
Last Name of Guest2 :- Hajare
Contact no of Guest :- 8888120130
Mail id of Guest :- onkar@staah.com
Test Started Time   :-  2023-Sep-14 10-35-29
On Test Success  :Multiple_Night_Multiple_RoomBooking_With_Single_RoomType]]>
  </system-out>
  <testcase classname="UI_Verification.MBSTestAutomate" name="Multiple_Night_Multiple_Room_Booking_With_Multiple_RoomTypes" time="51.098"/>
  <system-out>
    <![CDATA[Test Started Time   :-  2023-Sep-14 10-35-29
On Test Start  :Multiple_Night_Multiple_Room_Booking_With_Multiple_RoomTypes
URL Launched successfully
 Close Button not found, continue without clicking
<======Check-in Date for Booking: 2023-09-15======>
<======Check-out Date for Booking: 2023-10-09=====>


No of Booking Days: 24


--Guest Details-- 
First Name of Guest :- Nirav
Last Name of Guest :- Patel
First Name of Guest2 :- Onkar
Last Name of Guest2 :- Hajare
--Guest Details-- 
First Name of Guest :- Nirav
Last Name of Guest :- Patel
First Name of Guest2 :- Onkar
Last Name of Guest2 :- Hajare
Contact no of Guest :- 8888120130
Mail id of Guest :- onkar@staah.com
Test Started Time   :-  2023-Sep-14 10-36-20
On Test Success  :Multiple_Night_Multiple_Room_Booking_With_Multiple_RoomTypes]]>
  </system-out>
  <testcase classname="UI_Verification.MBSTestAutomate" name="Verify_HomePage_Buttons" time="23.825"/>
  <system-out>
    <![CDATA[Test Started Time   :-  2023-Sep-14 10-36-20
On Test Start  :Verify_HomePage_Buttons
To Verify all buttons of Homepage is Enabled or not 
URL Launched successfully
 Close Button not found, continue without clicking
<======Check-in Date for Booking: 2023-10-03======>
<======Check-out Date for Booking: 2023-10-04=====>


No of Booking Days: 1


Member Rate Button is Enabled :- true
Search Button is Enabled :-true
RatePlan Button is Enabled  :- true
View_amenities Button is Enabled :- true
Booking Details Page RatePlan name Button is Enabled :- true
BookingDetails_CompleteBooking_DownIcon Button is Enabled :- true
Booking Details Delete Button is Enabled :- true
HomePage CompleteBookingBtn is Enabled :-  true
Test Started Time   :-  2023-Sep-14 10-36-44
On Test Success  :Verify_HomePage_Buttons]]>
  </system-out>
  <testcase classname="UI_Verification.MBSTestAutomate" name="Verify_Multiple_Night_Single_Room_Booking_TotalAmount_For_Home_Cart_ConfirmationPage" time="49.233"/>
  <system-out>
    <![CDATA[Test Started Time   :-  2023-Sep-14 10-36-44
On Test Start  :Verify_Multiple_Night_Single_Room_Booking_TotalAmount_For_Home_Cart_ConfirmationPage
URL Launched successfully
 Close Button not found, continue without clicking
<======Check-in Date for Booking: 2023-09-24======>
<======Check-out Date for Booking: 2023-10-20=====>


No of Booking Days: 26


HomePageTotalAmount  :-  NZD 11,876
CartPageTotal Amount :- NZD 11,876
CartPage Total Amount Validated with HomePage Total Amount Successfully 
--Guest Details-- 
First Name of Guest :- Nirav
Last Name of Guest :- Patel
Contact no of Guest :- 8888120130
Mail id of Guest :- onkar@staah.com
ConfiramtionPageTotalAmount  :- Tax inclusive NZD 11876.00
ConfiramtionPage Total Amount Validated With CartPage Total Amount Successfully
Test Started Time   :-  2023-Sep-14 10-37-33
On Test Success  :Verify_Multiple_Night_Single_Room_Booking_TotalAmount_For_Home_Cart_ConfirmationPage]]>
  </system-out>
  <testcase classname="UI_Verification.MBSTestAutomate" name="Verify_Multiple_Night_Single_Room_Booking_Confirmation_Status" time="45.197"/>
  <system-out>
    <![CDATA[Test Started Time   :-  2023-Sep-14 10-37-33
On Test Start  :Verify_Multiple_Night_Single_Room_Booking_Confirmation_Status
URL Launched successfully
 Close Button not found, continue without clicking
<======Check-in Date for Booking: 2023-09-15======>
<======Check-out Date for Booking: 2023-10-01=====>


No of Booking Days: 16


--Guest Details-- 
First Name of Guest :- Nirav
Last Name of Guest :- Patel
Contact no of Guest :- 8888120130
Mail id of Guest :- onkar@staah.com
 Booking Status Verified Successfully 
Test Started Time   :-  2023-Sep-14 10-38-18
On Test Success  :Verify_Multiple_Night_Single_Room_Booking_Confirmation_Status]]>
  </system-out>
  <testcase classname="UI_Verification.MBSTestAutomate" name="Verify_MailId_MobileNO_for_MultipleNight_SingleRoom_" time="48.111"/>
  <system-out>
    <![CDATA[Test Started Time   :-  2023-Sep-14 10-38-18
On Test Start  :Verify_MailId_MobileNO_for_MultipleNight_SingleRoom_
URL Launched successfully
 Close Button not found, continue without clicking
<======Check-in Date for Booking: 2023-10-07======>
<======Check-out Date for Booking: 2023-10-23=====>


No of Booking Days: 16


--Guest Details-- 
First Name of Guest :- Nirav
Last Name of Guest :- Patel
Contact no of Guest :- 8888120130
Mail id of Guest :- onkar@staah.com
Confirmation Page Mail Id :-  onkar@staah.com
Mail ID Verified Successfully 
 Confirmation Page Mobile no :- 8888120130
 Mobile Number Verified Successfully 
Test Started Time   :-  2023-Sep-14 10-39-06
On Test Success  :Verify_MailId_MobileNO_for_MultipleNight_SingleRoom_]]>
  </system-out>
</testsuite> <!-- UI_Verification.MBSTestAutomate -->
