<?xml version="1.0" encoding="UTF-8"?>
<!-- Generated by org.testng.reporters.JUnitReportReporter -->
<testsuite hostname="LAPTOP-DIVUF89F" failures="0" tests="9" name="UI_Verification.Single_Night_TC" time="372.408" errors="0" timestamp="2023-09-14T10:45:19 IST" skipped="0">
  <testcase classname="UI_Verification.Single_Night_TC" name="demo" time="2.724"/>
  <system-out>
    <![CDATA[Test Started Time   :-  2023-Sep-14 10-39-06
On Test Start  :demo
Test Started Time   :-  2023-Sep-14 10-39-09
On Test Success  :demo]]>
  </system-out>
  <testcase classname="UI_Verification.Single_Night_TC" name="Single_Night_Single_RoomBooking" time="44.277"/>
  <system-out>
    <![CDATA[Test Started Time   :-  2023-Sep-14 10-39-09
On Test Start  :Single_Night_Single_RoomBooking
URL Launched successfully
 Close Button not found, continue without clicking
<======Check-in Date for Booking: 2023-09-24======>
<======Check-out Date for Booking: 2023-09-25=====>


No of Booking Days: 1


--Guest Details-- 
First Name of Guest :- Nirav
Last Name of Guest :- Patel
Contact no of Guest :- 8888120130
Mail id of Guest :- onkar@staah.com
Test Started Time   :-  2023-Sep-14 10-39-53
On Test Success  :Single_Night_Single_RoomBooking]]>
  </system-out>
  <testcase classname="UI_Verification.Single_Night_TC" name="Single_Night_Single_Room_SingleBooking_With_Single_Addon" time="44.384"/>
  <system-out>
    <![CDATA[Test Started Time   :-  2023-Sep-14 10-39-53
On Test Start  :Single_Night_Single_Room_SingleBooking_With_Single_Addon
URL Launched successfully
 Close Button not found, continue without clicking
<======Check-in Date for Booking: 2023-09-16======>
<======Check-out Date for Booking: 2023-09-17=====>


No of Booking Days: 1


--Guest Details-- 
First Name of Guest :- Nirav
Last Name of Guest :- Patel
Contact no of Guest :- 8888120130
Mail id of Guest :- onkar@staah.com
Test Started Time   :-  2023-Sep-14 10-40-37
On Test Success  :Single_Night_Single_Room_SingleBooking_With_Single_Addon]]>
  </system-out>
  <testcase classname="UI_Verification.Single_Night_TC" name="Single_Night_Single_Room_Booking_With_PromoCode" time="44.993"/>
  <system-out>
    <![CDATA[Test Started Time   :-  2023-Sep-14 10-40-37
On Test Start  :Single_Night_Single_Room_Booking_With_PromoCode
URL Launched successfully
 Close Button not found, continue without clicking
<======Check-in Date for Booking: 2023-09-18======>
<======Check-out Date for Booking: 2023-09-19=====>


No of Booking Days: 1


--Guest Details-- 
First Name of Guest :- Nirav
Last Name of Guest :- Patel
Contact no of Guest :- 8888120130
Mail id of Guest :- onkar@staah.com
Test Started Time   :-  2023-Sep-14 10-41-22
On Test Success  :Single_Night_Single_Room_Booking_With_PromoCode]]>
  </system-out>
  <testcase classname="UI_Verification.Single_Night_TC" name="Single_Night_Multiple_RoomBooking_With_Single_RoomType" time="46.632"/>
  <system-out>
    <![CDATA[Test Started Time   :-  2023-Sep-14 10-41-22
On Test Start  :Single_Night_Multiple_RoomBooking_With_Single_RoomType
URL Launched successfully
 Close Button not found, continue without clicking
<======Check-in Date for Booking: 2023-10-12======>
<======Check-out Date for Booking: 2023-10-13=====>


No of Booking Days: 1


--Guest Details-- 
First Name of Guest :- Nirav
Last Name of Guest :- Patel
First Name of Guest2 :- Onkar
Last Name of Guest2 :- Hajare
Contact no of Guest :- 8888120130
Mail id of Guest :- onkar@staah.com
Test Started Time   :-  2023-Sep-14 10-42-09
On Test Success  :Single_Night_Multiple_RoomBooking_With_Single_RoomType]]>
  </system-out>
  <testcase classname="UI_Verification.Single_Night_TC" name="Single_Night_Multiple_Room_Booking_With_Multiple_RoomTypes" time="52.735"/>
  <system-out>
    <![CDATA[Test Started Time   :-  2023-Sep-14 10-42-09
On Test Start  :Single_Night_Multiple_Room_Booking_With_Multiple_RoomTypes
URL Launched successfully
 Close Button not found, continue without clicking
<======Check-in Date for Booking: 2023-09-25======>
<======Check-out Date for Booking: 2023-10-22=====>


No of Booking Days: 27


--Guest Details-- 
First Name of Guest :- Nirav
Last Name of Guest :- Patel
First Name of Guest2 :- Onkar
Last Name of Guest2 :- Hajare
--Guest Details-- 
First Name of Guest :- Nirav
Last Name of Guest :- Patel
First Name of Guest2 :- Onkar
Last Name of Guest2 :- Hajare
Contact no of Guest :- 8888120130
Mail id of Guest :- onkar@staah.com
Test Started Time   :-  2023-Sep-14 10-43-02
On Test Success  :Single_Night_Multiple_Room_Booking_With_Multiple_RoomTypes]]>
  </system-out>
  <testcase classname="UI_Verification.Single_Night_TC" name="Verify_Single_Night_Single_Room_Booking_TotalAmount_For_Home_Cart_ConfirmationPage" time="45.499"/>
  <system-out>
    <![CDATA[Test Started Time   :-  2023-Sep-14 10-43-02
On Test Start  :Verify_Single_Night_Single_Room_Booking_TotalAmount_For_Home_Cart_ConfirmationPage
URL Launched successfully
 Close Button not found, continue without clicking
<======Check-in Date for Booking: 2023-09-27======>
<======Check-out Date for Booking: 2023-09-28=====>


No of Booking Days: 1


HomePageTotalAmount  :-  NZD 601
CartPageTotal Amount :- NZD 601
CartPage Total Amount Validated with HomePage Total Amount Successfully 
--Guest Details-- 
First Name of Guest :- Nirav
Last Name of Guest :- Patel
Contact no of Guest :- 8888120130
Mail id of Guest :- onkar@staah.com
ConfiramtionPageTotalAmount  :- Tax inclusive NZD 601.00
ConfiramtionPage Total Amount Validated With CartPage Total Amount Successfully
Test Started Time   :-  2023-Sep-14 10-43-47
On Test Success  :Verify_Single_Night_Single_Room_Booking_TotalAmount_For_Home_Cart_ConfirmationPage]]>
  </system-out>
  <testcase classname="UI_Verification.Single_Night_TC" name="Verify_Single_Night_Single_Room_Booking_Confirmation_Status" time="44.739"/>
  <system-out>
    <![CDATA[Test Started Time   :-  2023-Sep-14 10-43-47
On Test Start  :Verify_Single_Night_Single_Room_Booking_Confirmation_Status
URL Launched successfully
 Close Button not found, continue without clicking
<======Check-in Date for Booking: 2023-09-19======>
<======Check-out Date for Booking: 2023-09-20=====>


No of Booking Days: 1


--Guest Details-- 
First Name of Guest :- Nirav
Last Name of Guest :- Patel
Contact no of Guest :- 8888120130
Mail id of Guest :- onkar@staah.com
 Booking Status Verified Successfully 
Test Started Time   :-  2023-Sep-14 10-44-32
On Test Success  :Verify_Single_Night_Single_Room_Booking_Confirmation_Status]]>
  </system-out>
  <testcase classname="UI_Verification.Single_Night_TC" name="Verify_MailId_MobileNO_for_SingleNight_SingleRoom_" time="46.425"/>
  <system-out>
    <![CDATA[Test Started Time   :-  2023-Sep-14 10-44-32
On Test Start  :Verify_MailId_MobileNO_for_SingleNight_SingleRoom_
URL Launched successfully
 Close Button not found, continue without clicking
<======Check-in Date for Booking: 2023-10-11======>
<======Check-out Date for Booking: 2023-10-12=====>


No of Booking Days: 1


--Guest Details-- 
First Name of Guest :- Nirav
Last Name of Guest :- Patel
Contact no of Guest :- 8888120130
Mail id of Guest :- onkar@staah.com
Confirmation Page Mail Id :-  onkar@staah.com
Mail ID Verified Successfully 
 Confirmation Page Mobile no :- 8888120130
 Mobile Number Verified Successfully 
Test Started Time   :-  2023-Sep-14 10-45-18
On Test Success  :Verify_MailId_MobileNO_for_SingleNight_SingleRoom_]]>
  </system-out>
</testsuite> <!-- UI_Verification.Single_Night_TC -->
